<?xml version="1.0" encoding="UTF-8"?>
<testsuite name="ConcurrencyTester" tests="1" skipped="0" failures="0" errors="0" timestamp="2021-06-27T14:33:21" hostname="Asus" time="6.021">
  <properties/>
  <testcase name="test()" classname="ConcurrencyTester" time="6.021"/>
  <system-out><![CDATA[[Sun 27.06.2021 at 04:33:21 PM] Server is up and is listening on port 10000
[Sun 27.06.2021 at 04:33:21 PM] New connection from /127.0.0.1:43876
[Sun 27.06.2021 at 04:33:21 PM] New request from /127.0.0.1:43876
[Sun 27.06.2021 at 04:33:21 PM] Client /127.0.0.1:43876 disconnected
[Sun 27.06.2021 at 04:33:21 PM] New connection from /127.0.0.1:43878
[Sun 27.06.2021 at 04:33:21 PM] New request from /127.0.0.1:43878
[Sun 27.06.2021 at 04:33:21 PM] Client /127.0.0.1:43878 disconnected
[Sun 27.06.2021 at 04:33:22 PM] New connection from /127.0.0.1:43880
[Sun 27.06.2021 at 04:33:22 PM] New request from /127.0.0.1:43880
[Sun 27.06.2021 at 04:33:22 PM] Client /127.0.0.1:43880 disconnected
[Sun 27.06.2021 at 04:33:22 PM] New connection from /127.0.0.1:43882
[Sun 27.06.2021 at 04:33:22 PM] New request from /127.0.0.1:43882
[Sun 27.06.2021 at 04:33:22 PM] Client /127.0.0.1:43882 disconnected
[Sun 27.06.2021 at 04:33:22 PM] New connection from /127.0.0.1:43884
[Sun 27.06.2021 at 04:33:22 PM] New request from /127.0.0.1:43884
[Sun 27.06.2021 at 04:33:22 PM] Client /127.0.0.1:43884 disconnected
[Sun 27.06.2021 at 04:33:23 PM] New connection from /127.0.0.1:43886
[Sun 27.06.2021 at 04:33:23 PM] New request from /127.0.0.1:43886
[Sun 27.06.2021 at 04:33:23 PM] Client /127.0.0.1:43886 disconnected
[Sun 27.06.2021 at 04:33:23 PM] New connection from /127.0.0.1:43888
[Sun 27.06.2021 at 04:33:23 PM] New request from /127.0.0.1:43888
[Sun 27.06.2021 at 04:33:23 PM] Client /127.0.0.1:43888 disconnected
[Sun 27.06.2021 at 04:33:23 PM] New connection from /127.0.0.1:43890
[Sun 27.06.2021 at 04:33:23 PM] New request from /127.0.0.1:43890
[Sun 27.06.2021 at 04:33:23 PM] Client /127.0.0.1:43890 disconnected
[Sun 27.06.2021 at 04:33:23 PM] New connection from /127.0.0.1:43892
[Sun 27.06.2021 at 04:33:23 PM] New request from /127.0.0.1:43892
[Sun 27.06.2021 at 04:33:23 PM] Client /127.0.0.1:43892 disconnected
[Sun 27.06.2021 at 04:33:24 PM] New connection from /127.0.0.1:43894
[Sun 27.06.2021 at 04:33:24 PM] New request from /127.0.0.1:43894
[Sun 27.06.2021 at 04:33:24 PM] Client /127.0.0.1:43894 disconnected
[Sun 27.06.2021 at 04:33:24 PM] New connection from /127.0.0.1:43896
[Sun 27.06.2021 at 04:33:24 PM] New request from /127.0.0.1:43896
[Sun 27.06.2021 at 04:33:24 PM] Client /127.0.0.1:43896 disconnected
[Sun 27.06.2021 at 04:33:24 PM] New connection from /127.0.0.1:43898
[Sun 27.06.2021 at 04:33:24 PM] New request from /127.0.0.1:43898
[Sun 27.06.2021 at 04:33:24 PM] Client /127.0.0.1:43898 disconnected
[Sun 27.06.2021 at 04:33:25 PM] New connection from /127.0.0.1:43900
[Sun 27.06.2021 at 04:33:25 PM] New request from /127.0.0.1:43900
[Sun 27.06.2021 at 04:33:25 PM] Client /127.0.0.1:43900 disconnected
[Sun 27.06.2021 at 04:33:25 PM] New connection from /127.0.0.1:43902
[Sun 27.06.2021 at 04:33:25 PM] New request from /127.0.0.1:43902
[Sun 27.06.2021 at 04:33:25 PM] Client /127.0.0.1:43902 disconnected
[Sun 27.06.2021 at 04:33:25 PM] New connection from /127.0.0.1:43904
[Sun 27.06.2021 at 04:33:25 PM] New request from /127.0.0.1:43904
[Sun 27.06.2021 at 04:33:25 PM] Client /127.0.0.1:43904 disconnected
[Sun 27.06.2021 at 04:33:26 PM] New connection from /127.0.0.1:43906
[Sun 27.06.2021 at 04:33:26 PM] New request from /127.0.0.1:43906
[Sun 27.06.2021 at 04:33:26 PM] Client /127.0.0.1:43906 disconnected
[Sun 27.06.2021 at 04:33:26 PM] New connection from /127.0.0.1:43908
[Sun 27.06.2021 at 04:33:26 PM] New request from /127.0.0.1:43908
[Sun 27.06.2021 at 04:33:26 PM] Client /127.0.0.1:43908 disconnected
[Sun 27.06.2021 at 04:33:26 PM] New connection from /127.0.0.1:43910
[Sun 27.06.2021 at 04:33:26 PM] New request from /127.0.0.1:43910
[Sun 27.06.2021 at 04:33:26 PM] Client /127.0.0.1:43910 disconnected
[Sun 27.06.2021 at 04:33:26 PM] New connection from /127.0.0.1:43912
[Sun 27.06.2021 at 04:33:26 PM] New request from /127.0.0.1:43912
[Sun 27.06.2021 at 04:33:26 PM] Client /127.0.0.1:43912 disconnected
[Sun 27.06.2021 at 04:33:27 PM] New connection from /127.0.0.1:43914
[Sun 27.06.2021 at 04:33:27 PM] New request from /127.0.0.1:43914
[Sun 27.06.2021 at 04:33:27 PM] Client /127.0.0.1:43914 disconnected
]]></system-out>
  <system-err><![CDATA[]]></system-err>
</testsuite>
